<?xml version="1.0" encoding="UTF-8"?>
<TestRun id="64b03637-5198-417b-83c7-68332b28c937" name="Dan@LAPTOP 2010-10-17 21:16:47" runUser="LAPTOP\Dan" xmlns="http://microsoft.com/schemas/VisualStudio/TeamTest/2010">
  <TestSettings name="Default Test Settings" id="9d6d16fd-8a25-46b5-b06e-a5080270bdbd">
    <Deployment runDeploymentRoot="Dan_LAPTOP 2010-10-17 21_16_47">
      <DeploymentItem filename="C:\Documents and Settings\Dan\my documents\visual studio 2010\Projects\MvcDB4O\MvcDB4O\bin\MvcDB4O.dll" />
    </Deployment>
    <Execution>
      <TestTypeSpecific />
      <AgentRule name="Execution Agents">
      </AgentRule>
    </Execution>
  </TestSettings>
  <Times creation="2010-10-17T21:16:47.7343750+01:00" queuing="2010-10-17T21:16:50.3593750+01:00" start="2010-10-17T21:16:50.6718750+01:00" finish="2010-10-17T21:22:05.7031250+01:00" />
  <ResultSummary outcome="Error">
    <Counters total="1" executed="1" error="0" failed="0" timeout="0" aborted="1" inconclusive="0" passedButRunAborted="0" notRunnable="0" notExecuted="0" disconnected="0" warning="0" passed="0" completed="0" inProgress="0" pending="0" />
    <RunInfos>
      <RunInfo computerName="LAPTOP" outcome="Error" timestamp="2010-10-17T21:22:05.7031250+01:00">
        <Text>Test host process exited unexpectedly.</Text>
      </RunInfo>
    </RunInfos>
  </ResultSummary>
  <TestDefinitions>
    <UnitTest name="Index" storage="c:\documents and settings\dan\my documents\visual studio 2010\projects\mvcdb4o\mvcdb4o.tests\bin\debug\mvcdb4o.tests.dll" id="3e1c0705-3fc3-bbbc-3ade-318db8484a54">
      <Execution id="3886e67e-ce93-42c4-876d-8ddfe7979013" />
      <TestMethod codeBase="C:/Documents and Settings/Dan/my documents/visual studio 2010/Projects/MvcDB4O/MvcDB4O.Tests/bin/Debug/MvcDB4O.Tests.DLL" adapterTypeName="Microsoft.VisualStudio.TestTools.TestTypes.Unit.UnitTestAdapter, Microsoft.VisualStudio.QualityTools.Tips.UnitTest.Adapter, Version=10.0.0.0, Culture=neutral, PublicKeyToken=b03f5f7f11d50a3a" className="MvcDB4O.Tests.Controllers.ShoppingBasketControllerTest, MvcDB4O.Tests, Version=1.0.0.0, Culture=neutral, PublicKeyToken=null" name="Index" />
    </UnitTest>
  </TestDefinitions>
  <TestLists>
    <TestList name="Results Not in a List" id="8c84fa94-04c1-424b-9868-57a2d4851a1d" />
    <TestList name="All Loaded Results" id="19431567-8539-422a-85d7-44ee4e166bda" />
  </TestLists>
  <TestEntries>
    <TestEntry testId="3e1c0705-3fc3-bbbc-3ade-318db8484a54" executionId="3886e67e-ce93-42c4-876d-8ddfe7979013" testListId="8c84fa94-04c1-424b-9868-57a2d4851a1d" />
  </TestEntries>
  <Results>
    <UnitTestResult executionId="3886e67e-ce93-42c4-876d-8ddfe7979013" testId="3e1c0705-3fc3-bbbc-3ade-318db8484a54" testName="Index" computerName="LAPTOP" duration="00:05:14.7968750" startTime="2010-10-17T21:16:50.9062500+01:00" endTime="2010-10-17T21:22:05.7031250+01:00" testType="13cdc9d9-ddb5-4fa4-a97d-d965ccfc6d4b" outcome="Aborted" testListId="8c84fa94-04c1-424b-9868-57a2d4851a1d" relativeResultsDirectory="3886e67e-ce93-42c4-876d-8ddfe7979013">
    </UnitTestResult>
  </Results>
</TestRun>