<?xml version="1.0" encoding="UTF-8"?>
<TestRun id="ec400b2e-59ea-4132-ab54-015daefdfb14" name="Dan@LAPTOP 2010-10-17 20:36:45" runUser="LAPTOP\Dan" xmlns="http://microsoft.com/schemas/VisualStudio/TeamTest/2010">
  <TestSettings name="Default Test Settings" id="6e4f3315-0d30-4c72-a2a4-3ce8b30db942">
    <Deployment runDeploymentRoot="Dan_LAPTOP 2010-10-17 20_36_45">
      <DeploymentItem filename="C:\Documents and Settings\Dan\my documents\visual studio 2010\Projects\MvcDB4O\MvcDB4O\bin\MvcDB4O.dll" />
    </Deployment>
    <Execution>
      <TestTypeSpecific />
      <AgentRule name="Execution Agents">
      </AgentRule>
    </Execution>
  </TestSettings>
  <Times creation="2010-10-17T20:36:45.6250000+01:00" queuing="2010-10-17T20:36:48.5468750+01:00" start="2010-10-17T20:36:48.8281250+01:00" finish="2010-10-17T20:36:53.2343750+01:00" />
  <ResultSummary outcome="Completed">
    <Counters total="1" executed="1" passed="1" error="0" failed="0" timeout="0" aborted="0" inconclusive="0" passedButRunAborted="0" notRunnable="0" notExecuted="0" disconnected="0" warning="0" completed="0" inProgress="0" pending="0" />
  </ResultSummary>
  <TestDefinitions>
    <UnitTest name="Index" storage="c:\documents and settings\dan\my documents\visual studio 2010\projects\mvcdb4o\mvcdb4o.tests\bin\debug\mvcdb4o.tests.dll" id="2fdd3365-4809-3923-4245-083401369062">
      <Execution id="c320eb13-64a4-4c1a-ac9f-26d622404118" />
      <TestMethod codeBase="C:/Documents and Settings/Dan/my documents/visual studio 2010/Projects/MvcDB4O/MvcDB4O.Tests/bin/Debug/MvcDB4O.Tests.DLL" adapterTypeName="Microsoft.VisualStudio.TestTools.TestTypes.Unit.UnitTestAdapter, Microsoft.VisualStudio.QualityTools.Tips.UnitTest.Adapter, Version=10.0.0.0, Culture=neutral, PublicKeyToken=b03f5f7f11d50a3a" className="MvcDB4O.Tests.Controllers.StoreControllerTest, MvcDB4O.Tests, Version=1.0.0.0, Culture=neutral, PublicKeyToken=null" name="Index" />
    </UnitTest>
  </TestDefinitions>
  <TestLists>
    <TestList name="Results Not in a List" id="8c84fa94-04c1-424b-9868-57a2d4851a1d" />
    <TestList name="All Loaded Results" id="19431567-8539-422a-85d7-44ee4e166bda" />
  </TestLists>
  <TestEntries>
    <TestEntry testId="2fdd3365-4809-3923-4245-083401369062" executionId="c320eb13-64a4-4c1a-ac9f-26d622404118" testListId="8c84fa94-04c1-424b-9868-57a2d4851a1d" />
  </TestEntries>
  <Results>
    <UnitTestResult executionId="c320eb13-64a4-4c1a-ac9f-26d622404118" testId="2fdd3365-4809-3923-4245-083401369062" testName="Index" computerName="LAPTOP" duration="00:00:02.6318006" startTime="2010-10-17T20:36:49.0781250+01:00" endTime="2010-10-17T20:36:53.1250000+01:00" testType="13cdc9d9-ddb5-4fa4-a97d-d965ccfc6d4b" outcome="Passed" testListId="8c84fa94-04c1-424b-9868-57a2d4851a1d" relativeResultsDirectory="c320eb13-64a4-4c1a-ac9f-26d622404118">
    </UnitTestResult>
  </Results>
</TestRun>