<?xml version="1.0" encoding="UTF-8"?>
<TestRun id="33e6fd13-fbbd-4ff8-ab8f-2df944eac91b" name="Dan@LAPTOP 2010-10-17 19:43:09" runUser="LAPTOP\Dan" xmlns="http://microsoft.com/schemas/VisualStudio/TeamTest/2010">
  <TestSettings name="Default Test Settings" id="823b7324-d75d-4b03-b572-361edfc237ba">
    <Deployment runDeploymentRoot="Dan_LAPTOP 2010-10-17 19_43_09">
      <DeploymentItem filename="C:\Documents and Settings\Dan\my documents\visual studio 2010\Projects\MvcDB4O\MvcDB4O\bin\MvcDB4O.dll" />
    </Deployment>
    <Execution>
      <TestTypeSpecific />
      <AgentRule name="Execution Agents">
      </AgentRule>
    </Execution>
  </TestSettings>
  <Times creation="2010-10-17T19:43:09.6406250+01:00" queuing="2010-10-17T19:43:14.8906250+01:00" start="2010-10-17T19:43:15.1093750+01:00" finish="2010-10-17T19:43:18.1406250+01:00" />
  <ResultSummary outcome="Failed">
    <Counters total="1" executed="1" error="0" failed="1" timeout="0" aborted="0" inconclusive="0" passedButRunAborted="0" notRunnable="0" notExecuted="0" disconnected="0" warning="0" passed="0" completed="0" inProgress="0" pending="0" />
  </ResultSummary>
  <TestDefinitions>
    <UnitTest name="Index" storage="c:\documents and settings\dan\my documents\visual studio 2010\projects\mvcdb4o\mvcdb4o.tests\bin\debug\mvcdb4o.tests.dll" id="a57b0bf5-a343-db9f-2485-c64b4c9b113f">
      <Execution id="ab3e44ba-478d-4704-8010-c44f94c80aec" />
      <TestMethod codeBase="C:/Documents and Settings/Dan/my documents/visual studio 2010/Projects/MvcDB4O/MvcDB4O.Tests/bin/Debug/MvcDB4O.Tests.DLL" adapterTypeName="Microsoft.VisualStudio.TestTools.TestTypes.Unit.UnitTestAdapter, Microsoft.VisualStudio.QualityTools.Tips.UnitTest.Adapter, Version=10.0.0.0, Culture=neutral, PublicKeyToken=b03f5f7f11d50a3a" className="MvcDB4O.Tests.Controllers.HomeControllerTest, MvcDB4O.Tests, Version=1.0.0.0, Culture=neutral, PublicKeyToken=null" name="Index" />
    </UnitTest>
  </TestDefinitions>
  <TestLists>
    <TestList name="Results Not in a List" id="8c84fa94-04c1-424b-9868-57a2d4851a1d" />
    <TestList name="All Loaded Results" id="19431567-8539-422a-85d7-44ee4e166bda" />
  </TestLists>
  <TestEntries>
    <TestEntry testId="a57b0bf5-a343-db9f-2485-c64b4c9b113f" executionId="ab3e44ba-478d-4704-8010-c44f94c80aec" testListId="8c84fa94-04c1-424b-9868-57a2d4851a1d" />
  </TestEntries>
  <Results>
    <UnitTestResult executionId="ab3e44ba-478d-4704-8010-c44f94c80aec" testId="a57b0bf5-a343-db9f-2485-c64b4c9b113f" testName="Index" computerName="LAPTOP" duration="00:00:01.8320233" startTime="2010-10-17T19:43:15.1875000+01:00" endTime="2010-10-17T19:43:18.0156250+01:00" testType="13cdc9d9-ddb5-4fa4-a97d-d965ccfc6d4b" outcome="Failed" testListId="8c84fa94-04c1-424b-9868-57a2d4851a1d" relativeResultsDirectory="ab3e44ba-478d-4704-8010-c44f94c80aec">
      <Output>
        <ErrorInfo>
          <Message>Assert.AreEqual failed. Expected:&lt;Welcome to ASP.NET MVC!&gt;. Actual:&lt;(null)&gt;. </Message>
          <StackTrace>   at MvcDB4O.Tests.Controllers.HomeControllerTest.Index() in C:\Documents and Settings\Dan\my documents\visual studio 2010\Projects\MvcDB4O\MvcDB4O.Tests\Controllers\HomeControllerTest.cs:line 26
</StackTrace>
        </ErrorInfo>
      </Output>
    </UnitTestResult>
  </Results>
</TestRun>