<?xml version="1.0" encoding="UTF-8"?>
<TestRun id="98b0eb9d-8305-4f15-b7fc-96609a547357" name="Dan@LAPTOP 2010-10-17 19:46:40" runUser="LAPTOP\Dan" xmlns="http://microsoft.com/schemas/VisualStudio/TeamTest/2010">
  <TestSettings name="Default Test Settings" id="5cb2f8ca-d6f1-4f0a-b8c2-a8b2f117f196">
    <Deployment runDeploymentRoot="Dan_LAPTOP 2010-10-17 19_46_40">
      <DeploymentItem filename="C:\Documents and Settings\Dan\my documents\visual studio 2010\Projects\MvcDB4O\MvcDB4O\bin\MvcDB4O.dll" />
    </Deployment>
    <Execution>
      <TestTypeSpecific />
      <AgentRule name="Execution Agents">
      </AgentRule>
    </Execution>
  </TestSettings>
  <Times creation="2010-10-17T19:46:40.7656250+01:00" queuing="2010-10-17T19:46:43.3281250+01:00" start="2010-10-17T19:46:43.6406250+01:00" finish="2010-10-17T19:47:49.5781250+01:00" />
  <ResultSummary outcome="Error">
    <Counters total="1" executed="1" error="0" failed="0" timeout="0" aborted="1" inconclusive="0" passedButRunAborted="0" notRunnable="0" notExecuted="0" disconnected="0" warning="0" passed="0" completed="0" inProgress="0" pending="0" />
    <RunInfos>
      <RunInfo computerName="LAPTOP" outcome="Error" timestamp="2010-10-17T19:47:49.5781250+01:00">
        <Text>Test host process exited unexpectedly.</Text>
      </RunInfo>
    </RunInfos>
  </ResultSummary>
  <TestDefinitions>
    <UnitTest name="Index" storage="c:\documents and settings\dan\my documents\visual studio 2010\projects\mvcdb4o\mvcdb4o.tests\bin\debug\mvcdb4o.tests.dll" id="a57b0bf5-a343-db9f-2485-c64b4c9b113f">
      <Execution id="3fe7bf4d-a2c0-4e71-b40d-bb3c77639517" />
      <TestMethod codeBase="C:/Documents and Settings/Dan/my documents/visual studio 2010/Projects/MvcDB4O/MvcDB4O.Tests/bin/Debug/MvcDB4O.Tests.DLL" adapterTypeName="Microsoft.VisualStudio.TestTools.TestTypes.Unit.UnitTestAdapter, Microsoft.VisualStudio.QualityTools.Tips.UnitTest.Adapter, Version=10.0.0.0, Culture=neutral, PublicKeyToken=b03f5f7f11d50a3a" className="MvcDB4O.Tests.Controllers.HomeControllerTest, MvcDB4O.Tests, Version=1.0.0.0, Culture=neutral, PublicKeyToken=null" name="Index" />
    </UnitTest>
  </TestDefinitions>
  <TestLists>
    <TestList name="Results Not in a List" id="8c84fa94-04c1-424b-9868-57a2d4851a1d" />
    <TestList name="All Loaded Results" id="19431567-8539-422a-85d7-44ee4e166bda" />
  </TestLists>
  <TestEntries>
    <TestEntry testId="a57b0bf5-a343-db9f-2485-c64b4c9b113f" executionId="3fe7bf4d-a2c0-4e71-b40d-bb3c77639517" testListId="8c84fa94-04c1-424b-9868-57a2d4851a1d" />
  </TestEntries>
  <Results>
    <UnitTestResult executionId="3fe7bf4d-a2c0-4e71-b40d-bb3c77639517" testId="a57b0bf5-a343-db9f-2485-c64b4c9b113f" testName="Index" computerName="LAPTOP" duration="00:01:05.6875000" startTime="2010-10-17T19:46:43.8906250+01:00" endTime="2010-10-17T19:47:49.5781250+01:00" testType="13cdc9d9-ddb5-4fa4-a97d-d965ccfc6d4b" outcome="Aborted" testListId="8c84fa94-04c1-424b-9868-57a2d4851a1d" relativeResultsDirectory="3fe7bf4d-a2c0-4e71-b40d-bb3c77639517">
    </UnitTestResult>
  </Results>
</TestRun>