<?xml version="1.0" encoding="UTF-8"?>
<TestRun id="8542a238-b4ec-46bb-9530-f2b818d5e85c" name="Dan@LAPTOP 2010-10-17 20:14:27" runUser="LAPTOP\Dan" xmlns="http://microsoft.com/schemas/VisualStudio/TeamTest/2010">
  <TestSettings name="Default Test Settings" id="d58b009f-fe25-499c-96e9-7cc31baff69c">
    <Deployment runDeploymentRoot="Dan_LAPTOP 2010-10-17 20_14_27">
      <DeploymentItem filename="C:\Documents and Settings\Dan\my documents\visual studio 2010\Projects\MvcDB4O\MvcDB4O\bin\MvcDB4O.dll" />
    </Deployment>
    <Execution>
      <TestTypeSpecific />
      <AgentRule name="Execution Agents">
      </AgentRule>
    </Execution>
  </TestSettings>
  <Times creation="2010-10-17T20:14:27.8593750+01:00" queuing="2010-10-17T20:14:30.0156250+01:00" start="2010-10-17T20:14:30.3281250+01:00" finish="2010-10-17T20:15:27.1250000+01:00" />
  <ResultSummary outcome="Error">
    <Counters total="3" executed="2" error="0" failed="1" timeout="0" aborted="1" inconclusive="0" passedButRunAborted="0" notRunnable="0" notExecuted="1" disconnected="0" warning="0" passed="0" completed="0" inProgress="0" pending="0" />
    <RunInfos>
      <RunInfo computerName="LAPTOP" outcome="Error" timestamp="2010-10-17T20:15:27.1250000+01:00">
        <Text>Test host process exited unexpectedly.</Text>
      </RunInfo>
    </RunInfos>
  </ResultSummary>
  <TestDefinitions>
    <UnitTest name="About" storage="c:\documents and settings\dan\my documents\visual studio 2010\projects\mvcdb4o\mvcdb4o.tests\bin\debug\mvcdb4o.tests.dll" id="fb884966-f890-ccc9-842f-063f451c6413">
      <Execution id="9cf191c3-896f-426b-a145-1a309692b9a3" />
      <TestMethod codeBase="C:/Documents and Settings/Dan/my documents/visual studio 2010/Projects/MvcDB4O/MvcDB4O.Tests/bin/Debug/MvcDB4O.Tests.DLL" adapterTypeName="Microsoft.VisualStudio.TestTools.TestTypes.Unit.UnitTestAdapter, Microsoft.VisualStudio.QualityTools.Tips.UnitTest.Adapter, Version=10.0.0.0, Culture=neutral, PublicKeyToken=b03f5f7f11d50a3a" className="MvcDB4O.Tests.Controllers.HomeControllerTest, MvcDB4O.Tests, Version=1.0.0.0, Culture=neutral, PublicKeyToken=null" name="About" />
    </UnitTest>
    <UnitTest name="Index" storage="c:\documents and settings\dan\my documents\visual studio 2010\projects\mvcdb4o\mvcdb4o.tests\bin\debug\mvcdb4o.tests.dll" id="2fdd3365-4809-3923-4245-083401369062">
      <Execution id="2d75ddad-16e9-490e-beb3-4af0d3350486" />
      <TestMethod codeBase="C:/Documents and Settings/Dan/my documents/visual studio 2010/Projects/MvcDB4O/MvcDB4O.Tests/bin/Debug/MvcDB4O.Tests.DLL" adapterTypeName="Microsoft.VisualStudio.TestTools.TestTypes.Unit.UnitTestAdapter, Microsoft.VisualStudio.QualityTools.Tips.UnitTest.Adapter, Version=10.0.0.0, Culture=neutral, PublicKeyToken=b03f5f7f11d50a3a" className="MvcDB4O.Tests.Controllers.StoreControllerTest, MvcDB4O.Tests, Version=1.0.0.0, Culture=neutral, PublicKeyToken=null" name="Index" />
    </UnitTest>
    <UnitTest name="Index" storage="c:\documents and settings\dan\my documents\visual studio 2010\projects\mvcdb4o\mvcdb4o.tests\bin\debug\mvcdb4o.tests.dll" id="a57b0bf5-a343-db9f-2485-c64b4c9b113f">
      <Execution id="15c3dc3d-6e1b-4f46-8490-2a81ac5226ab" />
      <TestMethod codeBase="C:/Documents and Settings/Dan/my documents/visual studio 2010/Projects/MvcDB4O/MvcDB4O.Tests/bin/Debug/MvcDB4O.Tests.DLL" adapterTypeName="Microsoft.VisualStudio.TestTools.TestTypes.Unit.UnitTestAdapter, Microsoft.VisualStudio.QualityTools.Tips.UnitTest.Adapter, Version=10.0.0.0, Culture=neutral, PublicKeyToken=b03f5f7f11d50a3a" className="MvcDB4O.Tests.Controllers.HomeControllerTest, MvcDB4O.Tests, Version=1.0.0.0, Culture=neutral, PublicKeyToken=null" name="Index" />
    </UnitTest>
  </TestDefinitions>
  <TestLists>
    <TestList name="Results Not in a List" id="8c84fa94-04c1-424b-9868-57a2d4851a1d" />
    <TestList name="All Loaded Results" id="19431567-8539-422a-85d7-44ee4e166bda" />
  </TestLists>
  <TestEntries>
    <TestEntry testId="2fdd3365-4809-3923-4245-083401369062" executionId="2d75ddad-16e9-490e-beb3-4af0d3350486" testListId="8c84fa94-04c1-424b-9868-57a2d4851a1d" />
    <TestEntry testId="a57b0bf5-a343-db9f-2485-c64b4c9b113f" executionId="15c3dc3d-6e1b-4f46-8490-2a81ac5226ab" testListId="8c84fa94-04c1-424b-9868-57a2d4851a1d" />
    <TestEntry testId="fb884966-f890-ccc9-842f-063f451c6413" executionId="9cf191c3-896f-426b-a145-1a309692b9a3" testListId="8c84fa94-04c1-424b-9868-57a2d4851a1d" />
  </TestEntries>
  <Results>
    <UnitTestResult executionId="2d75ddad-16e9-490e-beb3-4af0d3350486" testId="2fdd3365-4809-3923-4245-083401369062" testName="Index" computerName="LAPTOP" duration="00:00:26.5132954" startTime="2010-10-17T20:14:30.5937500+01:00" endTime="2010-10-17T20:14:58.4218750+01:00" testType="13cdc9d9-ddb5-4fa4-a97d-d965ccfc6d4b" outcome="Failed" testListId="8c84fa94-04c1-424b-9868-57a2d4851a1d" relativeResultsDirectory="2d75ddad-16e9-490e-beb3-4af0d3350486">
      <Output>
        <ErrorInfo>
          <Message>Assert.AreEqual failed. Expected:&lt;Welcome to ASP.NET MVC!&gt;. Actual:&lt;(null)&gt;. </Message>
          <StackTrace>   at MvcDB4O.Tests.Controllers.StoreControllerTest.Index() in C:\Documents and Settings\Dan\my documents\visual studio 2010\Projects\MvcDB4O\MvcDB4O.Tests\Controllers\StoreControllerTest.cs:line 25
</StackTrace>
        </ErrorInfo>
      </Output>
    </UnitTestResult>
    <UnitTestResult executionId="15c3dc3d-6e1b-4f46-8490-2a81ac5226ab" testId="a57b0bf5-a343-db9f-2485-c64b4c9b113f" testName="Index" computerName="LAPTOP" duration="00:00:28.6875000" startTime="2010-10-17T20:14:58.4375000+01:00" endTime="2010-10-17T20:15:27.1250000+01:00" testType="13cdc9d9-ddb5-4fa4-a97d-d965ccfc6d4b" outcome="Aborted" testListId="8c84fa94-04c1-424b-9868-57a2d4851a1d" relativeResultsDirectory="15c3dc3d-6e1b-4f46-8490-2a81ac5226ab">
    </UnitTestResult>
    <UnitTestResult executionId="9cf191c3-896f-426b-a145-1a309692b9a3" testId="fb884966-f890-ccc9-842f-063f451c6413" testName="About" computerName="LAPTOP" testType="13cdc9d9-ddb5-4fa4-a97d-d965ccfc6d4b" outcome="NotExecuted" testListId="8c84fa94-04c1-424b-9868-57a2d4851a1d" relativeResultsDirectory="9cf191c3-896f-426b-a145-1a309692b9a3">
    </UnitTestResult>
  </Results>
</TestRun>